<?xml version="1.0" encoding="UTF-8"?>
<!-- Generated by org.testng.reporters.JUnitReportReporter -->
<testsuite skipped="0" hostname="Nagendras-MBP.lan" name="com.ecommappv5.testCases.TC_LoginPage_001" tests="1" failures="0" timestamp="20 Jul 2020 02:53:01 GMT" time="16.552" errors="0">
  <testcase name="loginPageMethod" time="16.552" classname="com.ecommappv5.testCases.TC_LoginPage_001"/>
</testsuite> <!-- com.ecommappv5.testCases.TC_LoginPage_001 -->
