<?xml version="1.0" encoding="UTF-8"?>
<!-- Generated by org.testng.reporters.JUnitReportReporter -->
<testsuite skipped="0" hostname="Nagendras-MBP.lan" name="com.ecommappv5.testCases.TC_AddCustomerTest_003" tests="1" failures="0" timestamp="23 Jul 2020 00:12:09 GMT" time="34.982" errors="0">
  <testcase name="addNewCustomer" time="34.982" classname="com.ecommappv5.testCases.TC_AddCustomerTest_003"/>
</testsuite> <!-- com.ecommappv5.testCases.TC_AddCustomerTest_003 -->
