<?xml version="1.0" encoding="UTF-8"?>
<!-- Generated by org.testng.reporters.JUnitReportReporter -->
<testsuite skipped="0" hostname="Nagendras-MBP.lan" name="com.ecommappv5.testCases.TC_LoginPage_001" tests="1" failures="0" timestamp="22 Jul 2020 08:36:05 GMT" time="17.466" errors="0">
  <testcase name="loginPageMethod" time="17.466" classname="com.ecommappv5.testCases.TC_LoginPage_001"/>
</testsuite> <!-- com.ecommappv5.testCases.TC_LoginPage_001 -->
